e:\work\study\3dcharacteranimation\source\debug\render.pch
e:\work\study\3dcharacteranimation\source\debug\vc120.pdb
e:\work\study\3dcharacteranimation\source\debug\vc120.idb
e:\work\study\3dcharacteranimation\source\debug\stdafx.obj
e:\work\study\3dcharacteranimation\source\debug\app.obj
e:\work\study\3dcharacteranimation\source\debug\appmenu.obj
e:\work\study\3dcharacteranimation\source\debug\apptools.obj
e:\work\study\3dcharacteranimation\source\debug\fieldll.obj
e:\work\study\3dcharacteranimation\source\debug\fileaccess.obj
e:\work\study\3dcharacteranimation\source\debug\iconll.obj
e:\work\study\3dcharacteranimation\source\debug\jointll.obj
e:\work\study\3dcharacteranimation\source\debug\keyframell.obj
e:\work\study\3dcharacteranimation\source\debug\library.obj
e:\work\study\3dcharacteranimation\source\debug\meshll.obj
e:\work\study\3dcharacteranimation\source\debug\objectll.obj
e:\work\study\3dcharacteranimation\source\debug\rectll.obj
e:\work\study\3dcharacteranimation\source\debug\render.obj
e:\work\study\3dcharacteranimation\source\debug\scenell.obj
e:\work\study\3dcharacteranimation\source\debug\skeletonll.obj
e:\work\study\3dcharacteranimation\source\debug\software.obj
e:\work\study\3dcharacteranimation\source\debug\render.ilk
e:\work\study\3dcharacteranimation\source\debug\render.exe
e:\work\study\3dcharacteranimation\source\debug\render.pdb
e:\work\study\3dcharacteranimation\source\debug\render.res
f:\git_repository\3dcharacteranimation\source\debug\app.obj
f:\git_repository\3dcharacteranimation\source\debug\appmenu.obj
f:\git_repository\3dcharacteranimation\source\debug\apptools.obj
f:\git_repository\3dcharacteranimation\source\debug\fieldll.obj
f:\git_repository\3dcharacteranimation\source\debug\fileaccess.obj
f:\git_repository\3dcharacteranimation\source\debug\iconll.obj
f:\git_repository\3dcharacteranimation\source\debug\jointll.obj
f:\git_repository\3dcharacteranimation\source\debug\keyframell.obj
f:\git_repository\3dcharacteranimation\source\debug\library.obj
f:\git_repository\3dcharacteranimation\source\debug\meshll.obj
f:\git_repository\3dcharacteranimation\source\debug\objectll.obj
f:\git_repository\3dcharacteranimation\source\debug\rectll.obj
f:\git_repository\3dcharacteranimation\source\debug\render.obj
f:\git_repository\3dcharacteranimation\source\debug\scenell.obj
f:\git_repository\3dcharacteranimation\source\debug\skeletonll.obj
f:\git_repository\3dcharacteranimation\source\debug\software.obj
f:\git_repository\3dcharacteranimation\source\debug\stdafx.obj
f:\git_repository\3dcharacteranimation\source\debug\direct3ddll.ilk
f:\git_repository\3dcharacteranimation\source\debug\render.ilk
f:\git_repository\3dcharacteranimation\source\debug\render.res
f:\git_repository\3dcharacteranimation\source\debug\render.pch
f:\git_repository\3dcharacteranimation\source\debug\vc120.idb
f:\git_repository\3dcharacteranimation\source\debug\render.pdb
f:\git_repository\3dcharacteranimation\source\debug\vc120.pdb
f:\git_repository\3dcharacteranimation\source\.\debug\render.exe
f:\git_repository\3dcharacteranimation\source\debug\render.tlog\cl.command.1.tlog
f:\git_repository\3dcharacteranimation\source\debug\render.tlog\cl.read.1.tlog
f:\git_repository\3dcharacteranimation\source\debug\render.tlog\cl.write.1.tlog
f:\git_repository\3dcharacteranimation\source\debug\render.tlog\link.command.1.tlog
f:\git_repository\3dcharacteranimation\source\debug\render.tlog\link.read.1.tlog
f:\git_repository\3dcharacteranimation\source\debug\render.tlog\link.write.1.tlog
f:\git_repository\3dcharacteranimation\source\debug\render.tlog\rc.command.1.tlog
f:\git_repository\3dcharacteranimation\source\debug\render.tlog\rc.read.1.tlog
f:\git_repository\3dcharacteranimation\source\debug\render.tlog\rc.write.1.tlog
